Terminals which are not used

   TOKEN_UNKNOWN


State 6 conflicts: 3 shift/reduce
State 70 conflicts: 3 shift/reduce


Grammar

    0 $accept: file $end

    1 file: opt_space
    2     | opt_space object_list opt_space

    3 object_list: object
    4            | object_list opt_space object

    5 object: TOKEN_AT opt_space at_object

    6 at_object: comment
    7          | entry
    8          | include
    9          | preamble
   10          | string
   11          | error TOKEN_RBRACE

   12 comment: TOKEN_COMMENT opt_space TOKEN_LITERAL

   13 entry: entry_head assignment_list TOKEN_RBRACE
   14      | entry_head assignment_list TOKEN_COMMA opt_space TOKEN_RBRACE
   15      | entry_head TOKEN_RBRACE

   16 entry_head: TOKEN_ENTRY opt_space TOKEN_LBRACE opt_space key_name opt_space TOKEN_COMMA opt_space
   17           | TOKEN_ENTRY opt_space TOKEN_LBRACE opt_space TOKEN_COMMA opt_space

   18 key_name: TOKEN_KEY
   19         | TOKEN_ABBREV

   20 include: TOKEN_INCLUDE opt_space TOKEN_LITERAL

   21 preamble: TOKEN_PREAMBLE opt_space TOKEN_LBRACE opt_space value opt_space TOKEN_RBRACE

   22 string: TOKEN_STRING opt_space TOKEN_LBRACE opt_space assignment opt_space TOKEN_RBRACE

   23 value: simple_value
   24      | value opt_space TOKEN_SHARP opt_space simple_value

   25 simple_value: TOKEN_VALUE
   26             | TOKEN_ABBREV

   27 assignment_list: assignment
   28                | assignment_list TOKEN_COMMA opt_space assignment

   29 assignment: assignment_lhs opt_space TOKEN_EQUALS opt_space value opt_space

   30 assignment_lhs: TOKEN_FIELD
   31               | TOKEN_ABBREV

   32 opt_space: /* empty */
   33          | space

   34 space: single_space
   35      | space single_space

   36 single_space: TOKEN_SPACE
   37             | TOKEN_INLINE
   38             | TOKEN_NEWLINE


Terminals, with rules where they appear

$end (0) 0
error (256) 11
TOKEN_ABBREV (258) 19 26 31
TOKEN_AT (259) 5
TOKEN_COMMA (260) 14 16 17 28
TOKEN_COMMENT (261) 12
TOKEN_ENTRY (262) 16 17
TOKEN_EQUALS (263) 29
TOKEN_FIELD (264) 30
TOKEN_INCLUDE (265) 20
TOKEN_INLINE (266) 37
TOKEN_KEY (267) 18
TOKEN_LBRACE (268) 16 17 21 22
TOKEN_LITERAL (269) 12 20
TOKEN_NEWLINE (270) 38
TOKEN_PREAMBLE (271) 21
TOKEN_RBRACE (272) 11 13 14 15 21 22
TOKEN_SHARP (273) 24
TOKEN_SPACE (274) 36
TOKEN_STRING (275) 22
TOKEN_VALUE (276) 25
TOKEN_UNKNOWN (277)


Nonterminals, with rules where they appear

$accept (23)
    on left: 0
file (24)
    on left: 1 2, on right: 0
object_list (25)
    on left: 3 4, on right: 2 4
object (26)
    on left: 5, on right: 3 4
at_object (27)
    on left: 6 7 8 9 10 11, on right: 5
comment (28)
    on left: 12, on right: 6
entry (29)
    on left: 13 14 15, on right: 7
entry_head (30)
    on left: 16 17, on right: 13 14 15
key_name (31)
    on left: 18 19, on right: 16
include (32)
    on left: 20, on right: 8
preamble (33)
    on left: 21, on right: 9
string (34)
    on left: 22, on right: 10
value (35)
    on left: 23 24, on right: 21 24 29
simple_value (36)
    on left: 25 26, on right: 23 24
assignment_list (37)
    on left: 27 28, on right: 13 14 28
assignment (38)
    on left: 29, on right: 22 27 28
assignment_lhs (39)
    on left: 30 31, on right: 29
opt_space (40)
    on left: 32 33, on right: 1 2 4 5 12 14 16 17 20 21 22 24 28 29
space (41)
    on left: 34 35, on right: 33 35
single_space (42)
    on left: 36 37 38, on right: 34 35


state 0

    0 $accept: . file $end

    TOKEN_INLINE   shift, and go to state 1
    TOKEN_NEWLINE  shift, and go to state 2
    TOKEN_SPACE    shift, and go to state 3

    $default  reduce using rule 32 (opt_space)

    file          go to state 4
    opt_space     go to state 5
    space         go to state 6
    single_space  go to state 7


state 1

   37 single_space: TOKEN_INLINE .

    $default  reduce using rule 37 (single_space)


state 2

   38 single_space: TOKEN_NEWLINE .

    $default  reduce using rule 38 (single_space)


state 3

   36 single_space: TOKEN_SPACE .

    $default  reduce using rule 36 (single_space)


state 4

    0 $accept: file . $end

    $end  shift, and go to state 8


state 5

    1 file: opt_space .
    2     | opt_space . object_list opt_space

    TOKEN_AT  shift, and go to state 9

    $default  reduce using rule 1 (file)

    object_list  go to state 10
    object       go to state 11


state 6

   33 opt_space: space .
   35 space: space . single_space

    TOKEN_INLINE   shift, and go to state 1
    TOKEN_NEWLINE  shift, and go to state 2
    TOKEN_SPACE    shift, and go to state 3

    TOKEN_INLINE   [reduce using rule 33 (opt_space)]
    TOKEN_NEWLINE  [reduce using rule 33 (opt_space)]
    TOKEN_SPACE    [reduce using rule 33 (opt_space)]
    $default       reduce using rule 33 (opt_space)

    single_space  go to state 12


state 7

   34 space: single_space .

    $default  reduce using rule 34 (space)


state 8

    0 $accept: file $end .

    $default  accept


state 9

    5 object: TOKEN_AT . opt_space at_object

    TOKEN_INLINE   shift, and go to state 1
    TOKEN_NEWLINE  shift, and go to state 2
    TOKEN_SPACE    shift, and go to state 3

    $default  reduce using rule 32 (opt_space)

    opt_space     go to state 13
    space         go to state 6
    single_space  go to state 7


state 10

    2 file: opt_space object_list . opt_space
    4 object_list: object_list . opt_space object

    TOKEN_INLINE   shift, and go to state 1
    TOKEN_NEWLINE  shift, and go to state 2
    TOKEN_SPACE    shift, and go to state 3

    $default  reduce using rule 32 (opt_space)

    opt_space     go to state 14
    space         go to state 6
    single_space  go to state 7


state 11

    3 object_list: object .

    $default  reduce using rule 3 (object_list)


state 12

   35 space: space single_space .

    $default  reduce using rule 35 (space)


state 13

    5 object: TOKEN_AT opt_space . at_object

    error           shift, and go to state 15
    TOKEN_COMMENT   shift, and go to state 16
    TOKEN_ENTRY     shift, and go to state 17
    TOKEN_INCLUDE   shift, and go to state 18
    TOKEN_PREAMBLE  shift, and go to state 19
    TOKEN_STRING    shift, and go to state 20

    at_object   go to state 21
    comment     go to state 22
    entry       go to state 23
    entry_head  go to state 24
    include     go to state 25
    preamble    go to state 26
    string      go to state 27


state 14

    2 file: opt_space object_list opt_space .
    4 object_list: object_list opt_space . object

    TOKEN_AT  shift, and go to state 9

    $default  reduce using rule 2 (file)

    object  go to state 28


state 15

   11 at_object: error . TOKEN_RBRACE

    TOKEN_RBRACE  shift, and go to state 29


state 16

   12 comment: TOKEN_COMMENT . opt_space TOKEN_LITERAL

    TOKEN_INLINE   shift, and go to state 1
    TOKEN_NEWLINE  shift, and go to state 2
    TOKEN_SPACE    shift, and go to state 3

    $default  reduce using rule 32 (opt_space)

    opt_space     go to state 30
    space         go to state 6
    single_space  go to state 7


state 17

   16 entry_head: TOKEN_ENTRY . opt_space TOKEN_LBRACE opt_space key_name opt_space TOKEN_COMMA opt_space
   17           | TOKEN_ENTRY . opt_space TOKEN_LBRACE opt_space TOKEN_COMMA opt_space

    TOKEN_INLINE   shift, and go to state 1
    TOKEN_NEWLINE  shift, and go to state 2
    TOKEN_SPACE    shift, and go to state 3

    $default  reduce using rule 32 (opt_space)

    opt_space     go to state 31
    space         go to state 6
    single_space  go to state 7


state 18

   20 include: TOKEN_INCLUDE . opt_space TOKEN_LITERAL

    TOKEN_INLINE   shift, and go to state 1
    TOKEN_NEWLINE  shift, and go to state 2
    TOKEN_SPACE    shift, and go to state 3

    $default  reduce using rule 32 (opt_space)

    opt_space     go to state 32
    space         go to state 6
    single_space  go to state 7


state 19

   21 preamble: TOKEN_PREAMBLE . opt_space TOKEN_LBRACE opt_space value opt_space TOKEN_RBRACE

    TOKEN_INLINE   shift, and go to state 1
    TOKEN_NEWLINE  shift, and go to state 2
    TOKEN_SPACE    shift, and go to state 3

    $default  reduce using rule 32 (opt_space)

    opt_space     go to state 33
    space         go to state 6
    single_space  go to state 7


state 20

   22 string: TOKEN_STRING . opt_space TOKEN_LBRACE opt_space assignment opt_space TOKEN_RBRACE

    TOKEN_INLINE   shift, and go to state 1
    TOKEN_NEWLINE  shift, and go to state 2
    TOKEN_SPACE    shift, and go to state 3

    $default  reduce using rule 32 (opt_space)

    opt_space     go to state 34
    space         go to state 6
    single_space  go to state 7


state 21

    5 object: TOKEN_AT opt_space at_object .

    $default  reduce using rule 5 (object)


state 22

    6 at_object: comment .

    $default  reduce using rule 6 (at_object)


state 23

    7 at_object: entry .

    $default  reduce using rule 7 (at_object)


state 24

   13 entry: entry_head . assignment_list TOKEN_RBRACE
   14      | entry_head . assignment_list TOKEN_COMMA opt_space TOKEN_RBRACE
   15      | entry_head . TOKEN_RBRACE

    TOKEN_ABBREV  shift, and go to state 35
    TOKEN_FIELD   shift, and go to state 36
    TOKEN_RBRACE  shift, and go to state 37

    assignment_list  go to state 38
    assignment       go to state 39
    assignment_lhs   go to state 40


state 25

    8 at_object: include .

    $default  reduce using rule 8 (at_object)


state 26

    9 at_object: preamble .

    $default  reduce using rule 9 (at_object)


state 27

   10 at_object: string .

    $default  reduce using rule 10 (at_object)


state 28

    4 object_list: object_list opt_space object .

    $default  reduce using rule 4 (object_list)


state 29

   11 at_object: error TOKEN_RBRACE .

    $default  reduce using rule 11 (at_object)


state 30

   12 comment: TOKEN_COMMENT opt_space . TOKEN_LITERAL

    TOKEN_LITERAL  shift, and go to state 41


state 31

   16 entry_head: TOKEN_ENTRY opt_space . TOKEN_LBRACE opt_space key_name opt_space TOKEN_COMMA opt_space
   17           | TOKEN_ENTRY opt_space . TOKEN_LBRACE opt_space TOKEN_COMMA opt_space

    TOKEN_LBRACE  shift, and go to state 42


state 32

   20 include: TOKEN_INCLUDE opt_space . TOKEN_LITERAL

    TOKEN_LITERAL  shift, and go to state 43


state 33

   21 preamble: TOKEN_PREAMBLE opt_space . TOKEN_LBRACE opt_space value opt_space TOKEN_RBRACE

    TOKEN_LBRACE  shift, and go to state 44


state 34

   22 string: TOKEN_STRING opt_space . TOKEN_LBRACE opt_space assignment opt_space TOKEN_RBRACE

    TOKEN_LBRACE  shift, and go to state 45


state 35

   31 assignment_lhs: TOKEN_ABBREV .

    $default  reduce using rule 31 (assignment_lhs)


state 36

   30 assignment_lhs: TOKEN_FIELD .

    $default  reduce using rule 30 (assignment_lhs)


state 37

   15 entry: entry_head TOKEN_RBRACE .

    $default  reduce using rule 15 (entry)


state 38

   13 entry: entry_head assignment_list . TOKEN_RBRACE
   14      | entry_head assignment_list . TOKEN_COMMA opt_space TOKEN_RBRACE
   28 assignment_list: assignment_list . TOKEN_COMMA opt_space assignment

    TOKEN_COMMA   shift, and go to state 46
    TOKEN_RBRACE  shift, and go to state 47


state 39

   27 assignment_list: assignment .

    $default  reduce using rule 27 (assignment_list)


state 40

   29 assignment: assignment_lhs . opt_space TOKEN_EQUALS opt_space value opt_space

    TOKEN_INLINE   shift, and go to state 1
    TOKEN_NEWLINE  shift, and go to state 2
    TOKEN_SPACE    shift, and go to state 3

    $default  reduce using rule 32 (opt_space)

    opt_space     go to state 48
    space         go to state 6
    single_space  go to state 7


state 41

   12 comment: TOKEN_COMMENT opt_space TOKEN_LITERAL .

    $default  reduce using rule 12 (comment)


state 42

   16 entry_head: TOKEN_ENTRY opt_space TOKEN_LBRACE . opt_space key_name opt_space TOKEN_COMMA opt_space
   17           | TOKEN_ENTRY opt_space TOKEN_LBRACE . opt_space TOKEN_COMMA opt_space

    TOKEN_INLINE   shift, and go to state 1
    TOKEN_NEWLINE  shift, and go to state 2
    TOKEN_SPACE    shift, and go to state 3

    $default  reduce using rule 32 (opt_space)

    opt_space     go to state 49
    space         go to state 6
    single_space  go to state 7


state 43

   20 include: TOKEN_INCLUDE opt_space TOKEN_LITERAL .

    $default  reduce using rule 20 (include)


state 44

   21 preamble: TOKEN_PREAMBLE opt_space TOKEN_LBRACE . opt_space value opt_space TOKEN_RBRACE

    TOKEN_INLINE   shift, and go to state 1
    TOKEN_NEWLINE  shift, and go to state 2
    TOKEN_SPACE    shift, and go to state 3

    $default  reduce using rule 32 (opt_space)

    opt_space     go to state 50
    space         go to state 6
    single_space  go to state 7


state 45

   22 string: TOKEN_STRING opt_space TOKEN_LBRACE . opt_space assignment opt_space TOKEN_RBRACE

    TOKEN_INLINE   shift, and go to state 1
    TOKEN_NEWLINE  shift, and go to state 2
    TOKEN_SPACE    shift, and go to state 3

    $default  reduce using rule 32 (opt_space)

    opt_space     go to state 51
    space         go to state 6
    single_space  go to state 7


state 46

   14 entry: entry_head assignment_list TOKEN_COMMA . opt_space TOKEN_RBRACE
   28 assignment_list: assignment_list TOKEN_COMMA . opt_space assignment

    TOKEN_INLINE   shift, and go to state 1
    TOKEN_NEWLINE  shift, and go to state 2
    TOKEN_SPACE    shift, and go to state 3

    $default  reduce using rule 32 (opt_space)

    opt_space     go to state 52
    space         go to state 6
    single_space  go to state 7


state 47

   13 entry: entry_head assignment_list TOKEN_RBRACE .

    $default  reduce using rule 13 (entry)


state 48

   29 assignment: assignment_lhs opt_space . TOKEN_EQUALS opt_space value opt_space

    TOKEN_EQUALS  shift, and go to state 53


state 49

   16 entry_head: TOKEN_ENTRY opt_space TOKEN_LBRACE opt_space . key_name opt_space TOKEN_COMMA opt_space
   17           | TOKEN_ENTRY opt_space TOKEN_LBRACE opt_space . TOKEN_COMMA opt_space

    TOKEN_ABBREV  shift, and go to state 54
    TOKEN_COMMA   shift, and go to state 55
    TOKEN_KEY     shift, and go to state 56

    key_name  go to state 57


state 50

   21 preamble: TOKEN_PREAMBLE opt_space TOKEN_LBRACE opt_space . value opt_space TOKEN_RBRACE

    TOKEN_ABBREV  shift, and go to state 58
    TOKEN_VALUE   shift, and go to state 59

    value         go to state 60
    simple_value  go to state 61


state 51

   22 string: TOKEN_STRING opt_space TOKEN_LBRACE opt_space . assignment opt_space TOKEN_RBRACE

    TOKEN_ABBREV  shift, and go to state 35
    TOKEN_FIELD   shift, and go to state 36

    assignment      go to state 62
    assignment_lhs  go to state 40


state 52

   14 entry: entry_head assignment_list TOKEN_COMMA opt_space . TOKEN_RBRACE
   28 assignment_list: assignment_list TOKEN_COMMA opt_space . assignment

    TOKEN_ABBREV  shift, and go to state 35
    TOKEN_FIELD   shift, and go to state 36
    TOKEN_RBRACE  shift, and go to state 63

    assignment      go to state 64
    assignment_lhs  go to state 40


state 53

   29 assignment: assignment_lhs opt_space TOKEN_EQUALS . opt_space value opt_space

    TOKEN_INLINE   shift, and go to state 1
    TOKEN_NEWLINE  shift, and go to state 2
    TOKEN_SPACE    shift, and go to state 3

    $default  reduce using rule 32 (opt_space)

    opt_space     go to state 65
    space         go to state 6
    single_space  go to state 7


state 54

   19 key_name: TOKEN_ABBREV .

    $default  reduce using rule 19 (key_name)


state 55

   17 entry_head: TOKEN_ENTRY opt_space TOKEN_LBRACE opt_space TOKEN_COMMA . opt_space

    TOKEN_INLINE   shift, and go to state 1
    TOKEN_NEWLINE  shift, and go to state 2
    TOKEN_SPACE    shift, and go to state 3

    $default  reduce using rule 32 (opt_space)

    opt_space     go to state 66
    space         go to state 6
    single_space  go to state 7


state 56

   18 key_name: TOKEN_KEY .

    $default  reduce using rule 18 (key_name)


state 57

   16 entry_head: TOKEN_ENTRY opt_space TOKEN_LBRACE opt_space key_name . opt_space TOKEN_COMMA opt_space

    TOKEN_INLINE   shift, and go to state 1
    TOKEN_NEWLINE  shift, and go to state 2
    TOKEN_SPACE    shift, and go to state 3

    $default  reduce using rule 32 (opt_space)

    opt_space     go to state 67
    space         go to state 6
    single_space  go to state 7


state 58

   26 simple_value: TOKEN_ABBREV .

    $default  reduce using rule 26 (simple_value)


state 59

   25 simple_value: TOKEN_VALUE .

    $default  reduce using rule 25 (simple_value)


state 60

   21 preamble: TOKEN_PREAMBLE opt_space TOKEN_LBRACE opt_space value . opt_space TOKEN_RBRACE
   24 value: value . opt_space TOKEN_SHARP opt_space simple_value

    TOKEN_INLINE   shift, and go to state 1
    TOKEN_NEWLINE  shift, and go to state 2
    TOKEN_SPACE    shift, and go to state 3

    $default  reduce using rule 32 (opt_space)

    opt_space     go to state 68
    space         go to state 6
    single_space  go to state 7


state 61

   23 value: simple_value .

    $default  reduce using rule 23 (value)


state 62

   22 string: TOKEN_STRING opt_space TOKEN_LBRACE opt_space assignment . opt_space TOKEN_RBRACE

    TOKEN_INLINE   shift, and go to state 1
    TOKEN_NEWLINE  shift, and go to state 2
    TOKEN_SPACE    shift, and go to state 3

    $default  reduce using rule 32 (opt_space)

    opt_space     go to state 69
    space         go to state 6
    single_space  go to state 7


state 63

   14 entry: entry_head assignment_list TOKEN_COMMA opt_space TOKEN_RBRACE .

    $default  reduce using rule 14 (entry)


state 64

   28 assignment_list: assignment_list TOKEN_COMMA opt_space assignment .

    $default  reduce using rule 28 (assignment_list)


state 65

   29 assignment: assignment_lhs opt_space TOKEN_EQUALS opt_space . value opt_space

    TOKEN_ABBREV  shift, and go to state 58
    TOKEN_VALUE   shift, and go to state 59

    value         go to state 70
    simple_value  go to state 61


state 66

   17 entry_head: TOKEN_ENTRY opt_space TOKEN_LBRACE opt_space TOKEN_COMMA opt_space .

    $default  reduce using rule 17 (entry_head)


state 67

   16 entry_head: TOKEN_ENTRY opt_space TOKEN_LBRACE opt_space key_name opt_space . TOKEN_COMMA opt_space

    TOKEN_COMMA  shift, and go to state 71


state 68

   21 preamble: TOKEN_PREAMBLE opt_space TOKEN_LBRACE opt_space value opt_space . TOKEN_RBRACE
   24 value: value opt_space . TOKEN_SHARP opt_space simple_value

    TOKEN_RBRACE  shift, and go to state 72
    TOKEN_SHARP   shift, and go to state 73


state 69

   22 string: TOKEN_STRING opt_space TOKEN_LBRACE opt_space assignment opt_space . TOKEN_RBRACE

    TOKEN_RBRACE  shift, and go to state 74


state 70

   24 value: value . opt_space TOKEN_SHARP opt_space simple_value
   29 assignment: assignment_lhs opt_space TOKEN_EQUALS opt_space value . opt_space

    TOKEN_INLINE   shift, and go to state 1
    TOKEN_NEWLINE  shift, and go to state 2
    TOKEN_SPACE    shift, and go to state 3

    TOKEN_INLINE   [reduce using rule 32 (opt_space)]
    TOKEN_NEWLINE  [reduce using rule 32 (opt_space)]
    TOKEN_SPACE    [reduce using rule 32 (opt_space)]
    $default       reduce using rule 32 (opt_space)

    opt_space     go to state 75
    space         go to state 6
    single_space  go to state 7


state 71

   16 entry_head: TOKEN_ENTRY opt_space TOKEN_LBRACE opt_space key_name opt_space TOKEN_COMMA . opt_space

    TOKEN_INLINE   shift, and go to state 1
    TOKEN_NEWLINE  shift, and go to state 2
    TOKEN_SPACE    shift, and go to state 3

    $default  reduce using rule 32 (opt_space)

    opt_space     go to state 76
    space         go to state 6
    single_space  go to state 7


state 72

   21 preamble: TOKEN_PREAMBLE opt_space TOKEN_LBRACE opt_space value opt_space TOKEN_RBRACE .

    $default  reduce using rule 21 (preamble)


state 73

   24 value: value opt_space TOKEN_SHARP . opt_space simple_value

    TOKEN_INLINE   shift, and go to state 1
    TOKEN_NEWLINE  shift, and go to state 2
    TOKEN_SPACE    shift, and go to state 3

    $default  reduce using rule 32 (opt_space)

    opt_space     go to state 77
    space         go to state 6
    single_space  go to state 7


state 74

   22 string: TOKEN_STRING opt_space TOKEN_LBRACE opt_space assignment opt_space TOKEN_RBRACE .

    $default  reduce using rule 22 (string)


state 75

   24 value: value opt_space . TOKEN_SHARP opt_space simple_value
   29 assignment: assignment_lhs opt_space TOKEN_EQUALS opt_space value opt_space .

    TOKEN_SHARP  shift, and go to state 73

    $default  reduce using rule 29 (assignment)


state 76

   16 entry_head: TOKEN_ENTRY opt_space TOKEN_LBRACE opt_space key_name opt_space TOKEN_COMMA opt_space .

    $default  reduce using rule 16 (entry_head)


state 77

   24 value: value opt_space TOKEN_SHARP opt_space . simple_value

    TOKEN_ABBREV  shift, and go to state 58
    TOKEN_VALUE   shift, and go to state 59

    simple_value  go to state 78


state 78

   24 value: value opt_space TOKEN_SHARP opt_space simple_value .

    $default  reduce using rule 24 (value)
